<?xml version="1.0" encoding="UTF-8" ?>
<testsuite tests="6" failures="0" name="calculator.RunnerTest" time="0.048" errors="0" skipped="0">
  <properties>
[...]
</properties>
  <testcase classname="Calculator" name="calculate operation of two numbers #1" time="0.044"/>
  <testcase classname="Calculator" name="calculate operation of two numbers #2" time="0"/>
  <testcase classname="Calculator" name="calculate operation of two numbers #3" time="0.001"/>
  <testcase classname="Calculator" name="calculate operation of two numbers #4" time="0.001"/>
  <testcase classname="Calculator" name="calculate operation of two numbers #5" time="0.001"/>
  <testcase classname="Calculator" name="calculate operation of two numbers #6" time="0.001"/>
</testsuite>